{"/Users/ajinkyashinde/Desktop/experiments/autosend-sdks/autosend-node/src/index.ts": {"path":"/Users/ajinkyashinde/Desktop/experiments/autosend-sdks/autosend-node/src/index.ts","all":true,"statementMap":{"0":{"start":{"line":1,"column":0},"end":{"line":1,"column":66}}},"s":{"0":0},"branchMap":{"0":{"type":"branch","line":1,"loc":{"start":{"line":1,"column":189},"end":{"line":4,"column":32}},"locations":[{"start":{"line":1,"column":189},"end":{"line":4,"column":32}}]}},"b":{"0":[0]},"fnMap":{"0":{"name":"(empty-report)","decl":{"start":{"line":1,"column":189},"end":{"line":4,"column":32}},"loc":{"start":{"line":1,"column":189},"end":{"line":4,"column":32}},"line":1}},"f":{"0":0}}
,"/Users/ajinkyashinde/Desktop/experiments/autosend-sdks/autosend-node/src/adapters/resend/contacts.ts": {"path":"/Users/ajinkyashinde/Desktop/experiments/autosend-sdks/autosend-node/src/adapters/resend/contacts.ts","all":false,"statementMap":{"0":{"start":{"line":1,"column":0},"end":{"line":1,"column":53}},"10":{"start":{"line":11,"column":0},"end":{"line":11,"column":30}},"11":{"start":{"line":12,"column":0},"end":{"line":12,"column":51}},"13":{"start":{"line":14,"column":0},"end":{"line":14,"column":78}},"14":{"start":{"line":15,"column":0},"end":{"line":15,"column":9}},"15":{"start":{"line":16,"column":0},"end":{"line":16,"column":58}},"16":{"start":{"line":17,"column":0},"end":{"line":17,"column":29}},"17":{"start":{"line":18,"column":0},"end":{"line":18,"column":37}},"18":{"start":{"line":19,"column":0},"end":{"line":19,"column":35}},"19":{"start":{"line":20,"column":0},"end":{"line":20,"column":9}},"21":{"start":{"line":22,"column":0},"end":{"line":22,"column":46}},"22":{"start":{"line":23,"column":0},"end":{"line":23,"column":16}},"23":{"start":{"line":24,"column":0},"end":{"line":24,"column":17}},"24":{"start":{"line":25,"column":0},"end":{"line":25,"column":33}},"25":{"start":{"line":26,"column":0},"end":{"line":26,"column":39}},"26":{"start":{"line":27,"column":0},"end":{"line":27,"column":55}},"27":{"start":{"line":28,"column":0},"end":{"line":28,"column":53}},"28":{"start":{"line":29,"column":0},"end":{"line":29,"column":47}},"29":{"start":{"line":30,"column":0},"end":{"line":30,"column":32}},"30":{"start":{"line":31,"column":0},"end":{"line":31,"column":12}},"31":{"start":{"line":32,"column":0},"end":{"line":32,"column":22}},"32":{"start":{"line":33,"column":0},"end":{"line":33,"column":10}},"33":{"start":{"line":34,"column":0},"end":{"line":34,"column":7}},"35":{"start":{"line":36,"column":0},"end":{"line":36,"column":14}},"36":{"start":{"line":37,"column":0},"end":{"line":37,"column":19}},"37":{"start":{"line":38,"column":0},"end":{"line":38,"column":82}},"38":{"start":{"line":39,"column":0},"end":{"line":39,"column":8}},"39":{"start":{"line":40,"column":0},"end":{"line":40,"column":19}},"40":{"start":{"line":41,"column":0},"end":{"line":41,"column":14}},"41":{"start":{"line":42,"column":0},"end":{"line":42,"column":19}},"42":{"start":{"line":43,"column":0},"end":{"line":43,"column":16}},"43":{"start":{"line":44,"column":0},"end":{"line":44,"column":28}},"44":{"start":{"line":45,"column":0},"end":{"line":45,"column":72}},"45":{"start":{"line":46,"column":0},"end":{"line":46,"column":10}},"46":{"start":{"line":47,"column":0},"end":{"line":47,"column":8}},"47":{"start":{"line":48,"column":0},"end":{"line":48,"column":5}},"48":{"start":{"line":49,"column":0},"end":{"line":49,"column":3}},"50":{"start":{"line":51,"column":0},"end":{"line":51,"column":77}},"51":{"start":{"line":52,"column":0},"end":{"line":52,"column":9}},"52":{"start":{"line":53,"column":0},"end":{"line":53,"column":58}},"54":{"start":{"line":55,"column":0},"end":{"line":55,"column":46}},"55":{"start":{"line":56,"column":0},"end":{"line":56,"column":16}},"56":{"start":{"line":57,"column":0},"end":{"line":57,"column":17}},"57":{"start":{"line":58,"column":0},"end":{"line":58,"column":33}},"58":{"start":{"line":59,"column":0},"end":{"line":59,"column":39}},"59":{"start":{"line":60,"column":0},"end":{"line":60,"column":55}},"60":{"start":{"line":61,"column":0},"end":{"line":61,"column":53}},"61":{"start":{"line":62,"column":0},"end":{"line":62,"column":47}},"62":{"start":{"line":63,"column":0},"end":{"line":63,"column":32}},"63":{"start":{"line":64,"column":0},"end":{"line":64,"column":12}},"64":{"start":{"line":65,"column":0},"end":{"line":65,"column":22}},"65":{"start":{"line":66,"column":0},"end":{"line":66,"column":10}},"66":{"start":{"line":67,"column":0},"end":{"line":67,"column":7}},"68":{"start":{"line":69,"column":0},"end":{"line":69,"column":14}},"69":{"start":{"line":70,"column":0},"end":{"line":70,"column":19}},"70":{"start":{"line":71,"column":0},"end":{"line":71,"column":86}},"71":{"start":{"line":72,"column":0},"end":{"line":72,"column":8}},"72":{"start":{"line":73,"column":0},"end":{"line":73,"column":19}},"73":{"start":{"line":74,"column":0},"end":{"line":74,"column":14}},"74":{"start":{"line":75,"column":0},"end":{"line":75,"column":19}},"75":{"start":{"line":76,"column":0},"end":{"line":76,"column":16}},"76":{"start":{"line":77,"column":0},"end":{"line":77,"column":28}},"77":{"start":{"line":78,"column":0},"end":{"line":78,"column":72}},"78":{"start":{"line":79,"column":0},"end":{"line":79,"column":10}},"79":{"start":{"line":80,"column":0},"end":{"line":80,"column":8}},"80":{"start":{"line":81,"column":0},"end":{"line":81,"column":5}},"81":{"start":{"line":82,"column":0},"end":{"line":82,"column":3}},"83":{"start":{"line":84,"column":0},"end":{"line":84,"column":15}},"84":{"start":{"line":85,"column":0},"end":{"line":85,"column":24}},"85":{"start":{"line":86,"column":0},"end":{"line":86,"column":16}},"86":{"start":{"line":87,"column":0},"end":{"line":87,"column":53}},"87":{"start":{"line":88,"column":0},"end":{"line":88,"column":36}},"89":{"start":{"line":90,"column":0},"end":{"line":90,"column":9}},"90":{"start":{"line":91,"column":0},"end":{"line":91,"column":27}},"91":{"start":{"line":92,"column":0},"end":{"line":92,"column":16}},"92":{"start":{"line":93,"column":0},"end":{"line":93,"column":21}},"93":{"start":{"line":94,"column":0},"end":{"line":94,"column":18}},"94":{"start":{"line":95,"column":0},"end":{"line":95,"column":37}},"95":{"start":{"line":96,"column":0},"end":{"line":96,"column":52}},"96":{"start":{"line":97,"column":0},"end":{"line":97,"column":12}},"97":{"start":{"line":98,"column":0},"end":{"line":98,"column":10}},"98":{"start":{"line":99,"column":0},"end":{"line":99,"column":7}},"100":{"start":{"line":101,"column":0},"end":{"line":101,"column":58}},"101":{"start":{"line":102,"column":0},"end":{"line":102,"column":29}},"102":{"start":{"line":103,"column":0},"end":{"line":103,"column":37}},"103":{"start":{"line":104,"column":0},"end":{"line":104,"column":35}},"104":{"start":{"line":105,"column":0},"end":{"line":105,"column":9}},"106":{"start":{"line":107,"column":0},"end":{"line":107,"column":46}},"107":{"start":{"line":108,"column":0},"end":{"line":108,"column":16}},"108":{"start":{"line":109,"column":0},"end":{"line":109,"column":17}},"109":{"start":{"line":110,"column":0},"end":{"line":110,"column":33}},"110":{"start":{"line":111,"column":0},"end":{"line":111,"column":39}},"111":{"start":{"line":112,"column":0},"end":{"line":112,"column":55}},"112":{"start":{"line":113,"column":0},"end":{"line":113,"column":53}},"113":{"start":{"line":114,"column":0},"end":{"line":114,"column":47}},"114":{"start":{"line":115,"column":0},"end":{"line":115,"column":56}},"115":{"start":{"line":116,"column":0},"end":{"line":116,"column":12}},"116":{"start":{"line":117,"column":0},"end":{"line":117,"column":22}},"117":{"start":{"line":118,"column":0},"end":{"line":118,"column":10}},"118":{"start":{"line":119,"column":0},"end":{"line":119,"column":7}},"120":{"start":{"line":121,"column":0},"end":{"line":121,"column":14}},"121":{"start":{"line":122,"column":0},"end":{"line":122,"column":19}},"122":{"start":{"line":123,"column":0},"end":{"line":123,"column":82}},"123":{"start":{"line":124,"column":0},"end":{"line":124,"column":8}},"124":{"start":{"line":125,"column":0},"end":{"line":125,"column":19}},"125":{"start":{"line":126,"column":0},"end":{"line":126,"column":14}},"126":{"start":{"line":127,"column":0},"end":{"line":127,"column":19}},"127":{"start":{"line":128,"column":0},"end":{"line":128,"column":16}},"128":{"start":{"line":129,"column":0},"end":{"line":129,"column":28}},"129":{"start":{"line":130,"column":0},"end":{"line":130,"column":72}},"130":{"start":{"line":131,"column":0},"end":{"line":131,"column":10}},"131":{"start":{"line":132,"column":0},"end":{"line":132,"column":8}},"132":{"start":{"line":133,"column":0},"end":{"line":133,"column":5}},"133":{"start":{"line":134,"column":0},"end":{"line":134,"column":3}},"135":{"start":{"line":136,"column":0},"end":{"line":136,"column":94}},"136":{"start":{"line":137,"column":0},"end":{"line":137,"column":9}},"137":{"start":{"line":138,"column":0},"end":{"line":138,"column":61}},"139":{"start":{"line":140,"column":0},"end":{"line":140,"column":29}},"140":{"start":{"line":141,"column":0},"end":{"line":141,"column":16}},"141":{"start":{"line":142,"column":0},"end":{"line":142,"column":34}},"142":{"start":{"line":143,"column":0},"end":{"line":143,"column":22}},"143":{"start":{"line":144,"column":0},"end":{"line":144,"column":10}},"144":{"start":{"line":145,"column":0},"end":{"line":145,"column":7}},"146":{"start":{"line":147,"column":0},"end":{"line":147,"column":14}},"147":{"start":{"line":148,"column":0},"end":{"line":148,"column":19}},"148":{"start":{"line":149,"column":0},"end":{"line":149,"column":82}},"149":{"start":{"line":150,"column":0},"end":{"line":150,"column":8}},"150":{"start":{"line":151,"column":0},"end":{"line":151,"column":19}},"151":{"start":{"line":152,"column":0},"end":{"line":152,"column":14}},"152":{"start":{"line":153,"column":0},"end":{"line":153,"column":19}},"153":{"start":{"line":154,"column":0},"end":{"line":154,"column":16}},"154":{"start":{"line":155,"column":0},"end":{"line":155,"column":28}},"155":{"start":{"line":156,"column":0},"end":{"line":156,"column":72}},"156":{"start":{"line":157,"column":0},"end":{"line":157,"column":10}},"157":{"start":{"line":158,"column":0},"end":{"line":158,"column":8}},"158":{"start":{"line":159,"column":0},"end":{"line":159,"column":5}},"159":{"start":{"line":160,"column":0},"end":{"line":160,"column":3}},"160":{"start":{"line":161,"column":0},"end":{"line":161,"column":1}}},"s":{"0":1,"10":1,"11":1,"13":1,"14":3,"15":3,"16":3,"17":3,"18":3,"19":3,"21":3,"22":1,"23":1,"24":1,"25":1,"26":1,"27":1,"28":1,"29":1,"30":1,"31":1,"32":1,"33":1,"35":2,"36":2,"37":3,"38":3,"39":3,"40":0,"41":0,"42":0,"43":0,"44":0,"45":0,"46":0,"47":0,"48":3,"50":1,"51":3,"52":3,"54":3,"55":1,"56":1,"57":1,"58":1,"59":1,"60":1,"61":1,"62":1,"63":1,"64":1,"65":1,"66":1,"68":2,"69":2,"70":3,"71":3,"72":3,"73":0,"74":0,"75":0,"76":0,"77":0,"78":0,"79":0,"80":0,"81":3,"83":1,"84":4,"85":4,"86":4,"87":4,"89":4,"90":4,"91":1,"92":1,"93":1,"94":1,"95":1,"96":1,"97":1,"98":1,"100":3,"101":3,"102":3,"103":3,"104":3,"106":4,"107":1,"108":1,"109":1,"110":1,"111":1,"112":1,"113":1,"114":1,"115":1,"116":1,"117":1,"118":1,"120":2,"121":2,"122":4,"123":4,"124":4,"125":0,"126":0,"127":0,"128":0,"129":0,"130":0,"131":0,"132":0,"133":4,"135":1,"136":3,"137":3,"139":3,"140":1,"141":1,"142":1,"143":1,"144":1,"146":2,"147":2,"148":3,"149":3,"150":3,"151":0,"152":0,"153":0,"154":0,"155":0,"156":0,"157":0,"158":0,"159":3,"160":1},"branchMap":{"0":{"type":"branch","line":12,"loc":{"start":{"line":12,"column":2},"end":{"line":12,"column":51}},"locations":[{"start":{"line":12,"column":2},"end":{"line":12,"column":51}}]},"1":{"type":"branch","line":14,"loc":{"start":{"line":14,"column":2},"end":{"line":49,"column":3}},"locations":[{"start":{"line":14,"column":2},"end":{"line":49,"column":3}}]},"2":{"type":"branch","line":22,"loc":{"start":{"line":22,"column":19},"end":{"line":22,"column":45}},"locations":[{"start":{"line":22,"column":19},"end":{"line":22,"column":45}}]},"3":{"type":"branch","line":22,"loc":{"start":{"line":22,"column":45},"end":{"line":34,"column":7}},"locations":[{"start":{"line":22,"column":45},"end":{"line":34,"column":7}}]},"4":{"type":"branch","line":27,"loc":{"start":{"line":27,"column":37},"end":{"line":27,"column":55}},"locations":[{"start":{"line":27,"column":37},"end":{"line":27,"column":55}}]},"5":{"type":"branch","line":28,"loc":{"start":{"line":28,"column":36},"end":{"line":28,"column":53}},"locations":[{"start":{"line":28,"column":36},"end":{"line":28,"column":53}}]},"6":{"type":"branch","line":34,"loc":{"start":{"line":34,"column":6},"end":{"line":38,"column":65}},"locations":[{"start":{"line":34,"column":6},"end":{"line":38,"column":65}}]},"7":{"type":"branch","line":38,"loc":{"start":{"line":38,"column":56},"end":{"line":38,"column":80}},"locations":[{"start":{"line":38,"column":56},"end":{"line":38,"column":80}}]},"8":{"type":"branch","line":40,"loc":{"start":{"line":40,"column":4},"end":{"line":48,"column":5}},"locations":[{"start":{"line":40,"column":4},"end":{"line":48,"column":5}}]},"9":{"type":"branch","line":51,"loc":{"start":{"line":51,"column":2},"end":{"line":82,"column":3}},"locations":[{"start":{"line":51,"column":2},"end":{"line":82,"column":3}}]},"10":{"type":"branch","line":55,"loc":{"start":{"line":55,"column":19},"end":{"line":55,"column":45}},"locations":[{"start":{"line":55,"column":19},"end":{"line":55,"column":45}}]},"11":{"type":"branch","line":55,"loc":{"start":{"line":55,"column":45},"end":{"line":67,"column":7}},"locations":[{"start":{"line":55,"column":45},"end":{"line":67,"column":7}}]},"12":{"type":"branch","line":60,"loc":{"start":{"line":60,"column":37},"end":{"line":60,"column":55}},"locations":[{"start":{"line":60,"column":37},"end":{"line":60,"column":55}}]},"13":{"type":"branch","line":67,"loc":{"start":{"line":67,"column":6},"end":{"line":71,"column":65}},"locations":[{"start":{"line":67,"column":6},"end":{"line":71,"column":65}}]},"14":{"type":"branch","line":71,"loc":{"start":{"line":71,"column":56},"end":{"line":71,"column":84}},"locations":[{"start":{"line":71,"column":56},"end":{"line":71,"column":84}}]},"15":{"type":"branch","line":73,"loc":{"start":{"line":73,"column":4},"end":{"line":81,"column":5}},"locations":[{"start":{"line":73,"column":4},"end":{"line":81,"column":5}}]},"16":{"type":"branch","line":84,"loc":{"start":{"line":84,"column":2},"end":{"line":134,"column":3}},"locations":[{"start":{"line":84,"column":2},"end":{"line":134,"column":3}}]},"17":{"type":"branch","line":91,"loc":{"start":{"line":91,"column":26},"end":{"line":99,"column":7}},"locations":[{"start":{"line":91,"column":26},"end":{"line":99,"column":7}}]},"18":{"type":"branch","line":99,"loc":{"start":{"line":99,"column":6},"end":{"line":107,"column":30}},"locations":[{"start":{"line":99,"column":6},"end":{"line":107,"column":30}}]},"19":{"type":"branch","line":107,"loc":{"start":{"line":107,"column":19},"end":{"line":107,"column":45}},"locations":[{"start":{"line":107,"column":19},"end":{"line":107,"column":45}}]},"20":{"type":"branch","line":107,"loc":{"start":{"line":107,"column":45},"end":{"line":119,"column":7}},"locations":[{"start":{"line":107,"column":45},"end":{"line":119,"column":7}}]},"21":{"type":"branch","line":112,"loc":{"start":{"line":112,"column":37},"end":{"line":112,"column":55}},"locations":[{"start":{"line":112,"column":37},"end":{"line":112,"column":55}}]},"22":{"type":"branch","line":113,"loc":{"start":{"line":113,"column":36},"end":{"line":113,"column":53}},"locations":[{"start":{"line":113,"column":36},"end":{"line":113,"column":53}}]},"23":{"type":"branch","line":119,"loc":{"start":{"line":119,"column":6},"end":{"line":123,"column":65}},"locations":[{"start":{"line":119,"column":6},"end":{"line":123,"column":65}}]},"24":{"type":"branch","line":123,"loc":{"start":{"line":123,"column":56},"end":{"line":123,"column":80}},"locations":[{"start":{"line":123,"column":56},"end":{"line":123,"column":80}}]},"25":{"type":"branch","line":125,"loc":{"start":{"line":125,"column":4},"end":{"line":133,"column":5}},"locations":[{"start":{"line":125,"column":4},"end":{"line":133,"column":5}}]},"26":{"type":"branch","line":136,"loc":{"start":{"line":136,"column":2},"end":{"line":160,"column":3}},"locations":[{"start":{"line":136,"column":2},"end":{"line":160,"column":3}}]},"27":{"type":"branch","line":140,"loc":{"start":{"line":140,"column":28},"end":{"line":145,"column":7}},"locations":[{"start":{"line":140,"column":28},"end":{"line":145,"column":7}}]},"28":{"type":"branch","line":145,"loc":{"start":{"line":145,"column":6},"end":{"line":149,"column":65}},"locations":[{"start":{"line":145,"column":6},"end":{"line":149,"column":65}}]},"29":{"type":"branch","line":149,"loc":{"start":{"line":149,"column":56},"end":{"line":149,"column":80}},"locations":[{"start":{"line":149,"column":56},"end":{"line":149,"column":80}}]},"30":{"type":"branch","line":151,"loc":{"start":{"line":151,"column":4},"end":{"line":159,"column":5}},"locations":[{"start":{"line":151,"column":4},"end":{"line":159,"column":5}}]}},"b":{"0":[28],"1":[3],"2":[1],"3":[1],"4":[0],"5":[0],"6":[2],"7":[0],"8":[0],"9":[3],"10":[1],"11":[1],"12":[0],"13":[2],"14":[0],"15":[0],"16":[4],"17":[1],"18":[3],"19":[1],"20":[1],"21":[0],"22":[0],"23":[2],"24":[0],"25":[0],"26":[3],"27":[1],"28":[2],"29":[0],"30":[0]},"fnMap":{"0":{"name":"ContactsAdapter","decl":{"start":{"line":12,"column":2},"end":{"line":12,"column":51}},"loc":{"start":{"line":12,"column":2},"end":{"line":12,"column":51}},"line":12},"1":{"name":"create","decl":{"start":{"line":14,"column":2},"end":{"line":49,"column":3}},"loc":{"start":{"line":14,"column":2},"end":{"line":49,"column":3}},"line":14},"2":{"name":"get","decl":{"start":{"line":51,"column":2},"end":{"line":82,"column":3}},"loc":{"start":{"line":51,"column":2},"end":{"line":82,"column":3}},"line":51},"3":{"name":"update","decl":{"start":{"line":84,"column":2},"end":{"line":134,"column":3}},"loc":{"start":{"line":84,"column":2},"end":{"line":134,"column":3}},"line":84},"4":{"name":"remove","decl":{"start":{"line":136,"column":2},"end":{"line":160,"column":3}},"loc":{"start":{"line":136,"column":2},"end":{"line":160,"column":3}},"line":136}},"f":{"0":28,"1":3,"2":3,"3":4,"4":3}}
,"/Users/ajinkyashinde/Desktop/experiments/autosend-sdks/autosend-node/src/adapters/resend/emails.ts": {"path":"/Users/ajinkyashinde/Desktop/experiments/autosend-sdks/autosend-node/src/adapters/resend/emails.ts","all":false,"statementMap":{"0":{"start":{"line":1,"column":0},"end":{"line":1,"column":53}},"11":{"start":{"line":12,"column":0},"end":{"line":12,"column":28}},"12":{"start":{"line":13,"column":0},"end":{"line":13,"column":51}},"14":{"start":{"line":15,"column":0},"end":{"line":15,"column":84}},"16":{"start":{"line":17,"column":0},"end":{"line":17,"column":31}},"17":{"start":{"line":18,"column":0},"end":{"line":18,"column":75}},"18":{"start":{"line":19,"column":0},"end":{"line":19,"column":5}},"20":{"start":{"line":21,"column":0},"end":{"line":21,"column":38}},"21":{"start":{"line":22,"column":0},"end":{"line":22,"column":72}},"22":{"start":{"line":23,"column":0},"end":{"line":23,"column":5}},"24":{"start":{"line":25,"column":0},"end":{"line":25,"column":69}},"25":{"start":{"line":26,"column":0},"end":{"line":26,"column":85}},"26":{"start":{"line":27,"column":0},"end":{"line":27,"column":5}},"28":{"start":{"line":29,"column":0},"end":{"line":29,"column":30}},"29":{"start":{"line":30,"column":0},"end":{"line":30,"column":81}},"30":{"start":{"line":31,"column":0},"end":{"line":31,"column":5}},"32":{"start":{"line":33,"column":0},"end":{"line":33,"column":9}},"33":{"start":{"line":34,"column":0},"end":{"line":34,"column":57}},"34":{"start":{"line":35,"column":0},"end":{"line":35,"column":70}},"36":{"start":{"line":37,"column":0},"end":{"line":37,"column":46}},"37":{"start":{"line":38,"column":0},"end":{"line":38,"column":16}},"38":{"start":{"line":39,"column":0},"end":{"line":39,"column":46}},"39":{"start":{"line":40,"column":0},"end":{"line":40,"column":22}},"40":{"start":{"line":41,"column":0},"end":{"line":41,"column":10}},"41":{"start":{"line":42,"column":0},"end":{"line":42,"column":7}},"43":{"start":{"line":44,"column":0},"end":{"line":44,"column":14}},"44":{"start":{"line":45,"column":0},"end":{"line":45,"column":19}},"45":{"start":{"line":46,"column":0},"end":{"line":46,"column":82}},"46":{"start":{"line":47,"column":0},"end":{"line":47,"column":8}},"47":{"start":{"line":48,"column":0},"end":{"line":48,"column":19}},"48":{"start":{"line":49,"column":0},"end":{"line":49,"column":14}},"49":{"start":{"line":50,"column":0},"end":{"line":50,"column":19}},"50":{"start":{"line":51,"column":0},"end":{"line":51,"column":16}},"51":{"start":{"line":52,"column":0},"end":{"line":52,"column":28}},"52":{"start":{"line":53,"column":0},"end":{"line":53,"column":72}},"53":{"start":{"line":54,"column":0},"end":{"line":54,"column":10}},"54":{"start":{"line":55,"column":0},"end":{"line":55,"column":8}},"55":{"start":{"line":56,"column":0},"end":{"line":56,"column":5}},"56":{"start":{"line":57,"column":0},"end":{"line":57,"column":3}},"57":{"start":{"line":58,"column":0},"end":{"line":58,"column":1}}},"s":{"0":1,"11":1,"12":1,"14":1,"16":12,"17":1,"18":1,"20":12,"21":1,"22":1,"24":12,"25":1,"26":1,"28":12,"29":1,"30":1,"32":12,"33":12,"34":12,"36":12,"37":9,"38":9,"39":9,"40":9,"41":9,"43":3,"44":3,"45":12,"46":12,"47":12,"48":0,"49":0,"50":0,"51":0,"52":0,"53":0,"54":0,"55":0,"56":12,"57":1},"branchMap":{"0":{"type":"branch","line":13,"loc":{"start":{"line":13,"column":2},"end":{"line":13,"column":51}},"locations":[{"start":{"line":13,"column":2},"end":{"line":13,"column":51}}]},"1":{"type":"branch","line":15,"loc":{"start":{"line":15,"column":2},"end":{"line":57,"column":3}},"locations":[{"start":{"line":15,"column":2},"end":{"line":57,"column":3}}]},"2":{"type":"branch","line":17,"loc":{"start":{"line":17,"column":16},"end":{"line":17,"column":30}},"locations":[{"start":{"line":17,"column":16},"end":{"line":17,"column":30}}]},"3":{"type":"branch","line":17,"loc":{"start":{"line":17,"column":30},"end":{"line":19,"column":5}},"locations":[{"start":{"line":17,"column":30},"end":{"line":19,"column":5}}]},"4":{"type":"branch","line":21,"loc":{"start":{"line":21,"column":16},"end":{"line":21,"column":37}},"locations":[{"start":{"line":21,"column":16},"end":{"line":21,"column":37}}]},"5":{"type":"branch","line":21,"loc":{"start":{"line":21,"column":37},"end":{"line":23,"column":5}},"locations":[{"start":{"line":21,"column":37},"end":{"line":23,"column":5}}]},"6":{"type":"branch","line":25,"loc":{"start":{"line":25,"column":16},"end":{"line":25,"column":68}},"locations":[{"start":{"line":25,"column":16},"end":{"line":25,"column":68}}]},"7":{"type":"branch","line":25,"loc":{"start":{"line":25,"column":68},"end":{"line":27,"column":5}},"locations":[{"start":{"line":25,"column":68},"end":{"line":27,"column":5}}]},"8":{"type":"branch","line":29,"loc":{"start":{"line":29,"column":29},"end":{"line":31,"column":5}},"locations":[{"start":{"line":29,"column":29},"end":{"line":31,"column":5}}]},"9":{"type":"branch","line":37,"loc":{"start":{"line":37,"column":19},"end":{"line":37,"column":45}},"locations":[{"start":{"line":37,"column":19},"end":{"line":37,"column":45}}]},"10":{"type":"branch","line":37,"loc":{"start":{"line":37,"column":45},"end":{"line":42,"column":7}},"locations":[{"start":{"line":37,"column":45},"end":{"line":42,"column":7}}]},"11":{"type":"branch","line":42,"loc":{"start":{"line":42,"column":6},"end":{"line":46,"column":65}},"locations":[{"start":{"line":42,"column":6},"end":{"line":46,"column":65}}]},"12":{"type":"branch","line":46,"loc":{"start":{"line":46,"column":56},"end":{"line":46,"column":80}},"locations":[{"start":{"line":46,"column":56},"end":{"line":46,"column":80}}]},"13":{"type":"branch","line":48,"loc":{"start":{"line":48,"column":4},"end":{"line":56,"column":5}},"locations":[{"start":{"line":48,"column":4},"end":{"line":56,"column":5}}]}},"b":{"0":[28],"1":[12],"2":[1],"3":[1],"4":[1],"5":[1],"6":[1],"7":[1],"8":[1],"9":[9],"10":[9],"11":[3],"12":[0],"13":[0]},"fnMap":{"0":{"name":"EmailsAdapter","decl":{"start":{"line":13,"column":2},"end":{"line":13,"column":51}},"loc":{"start":{"line":13,"column":2},"end":{"line":13,"column":51}},"line":13},"1":{"name":"send","decl":{"start":{"line":15,"column":2},"end":{"line":57,"column":3}},"loc":{"start":{"line":15,"column":2},"end":{"line":57,"column":3}},"line":15}},"f":{"0":28,"1":12}}
,"/Users/ajinkyashinde/Desktop/experiments/autosend-sdks/autosend-node/src/adapters/resend/index.ts": {"path":"/Users/ajinkyashinde/Desktop/experiments/autosend-sdks/autosend-node/src/adapters/resend/index.ts","all":false,"statementMap":{"0":{"start":{"line":1,"column":0},"end":{"line":1,"column":64}},"10":{"start":{"line":11,"column":0},"end":{"line":11,"column":21}},"11":{"start":{"line":12,"column":0},"end":{"line":12,"column":40}},"12":{"start":{"line":13,"column":0},"end":{"line":13,"column":44}},"14":{"start":{"line":15,"column":0},"end":{"line":15,"column":61}},"15":{"start":{"line":16,"column":0},"end":{"line":16,"column":53}},"17":{"start":{"line":18,"column":0},"end":{"line":18,"column":15}},"18":{"start":{"line":19,"column":0},"end":{"line":19,"column":22}},"19":{"start":{"line":20,"column":0},"end":{"line":20,"column":101}},"20":{"start":{"line":21,"column":0},"end":{"line":21,"column":8}},"21":{"start":{"line":22,"column":0},"end":{"line":22,"column":5}},"23":{"start":{"line":24,"column":0},"end":{"line":24,"column":50}},"24":{"start":{"line":25,"column":0},"end":{"line":25,"column":31}},"25":{"start":{"line":26,"column":0},"end":{"line":26,"column":31}},"26":{"start":{"line":27,"column":0},"end":{"line":27,"column":27}},"27":{"start":{"line":28,"column":0},"end":{"line":28,"column":7}},"29":{"start":{"line":30,"column":0},"end":{"line":30,"column":52}},"30":{"start":{"line":31,"column":0},"end":{"line":31,"column":56}},"31":{"start":{"line":32,"column":0},"end":{"line":32,"column":3}},"32":{"start":{"line":33,"column":0},"end":{"line":33,"column":1}}},"s":{"0":1,"10":1,"11":29,"12":29,"14":29,"15":29,"17":29,"18":1,"19":1,"20":1,"21":1,"23":28,"24":28,"25":28,"26":28,"27":28,"29":28,"30":28,"31":29,"32":29},"branchMap":{"0":{"type":"branch","line":11,"loc":{"start":{"line":11,"column":7},"end":{"line":33,"column":1}},"locations":[{"start":{"line":11,"column":7},"end":{"line":33,"column":1}}]},"1":{"type":"branch","line":15,"loc":{"start":{"line":15,"column":2},"end":{"line":32,"column":3}},"locations":[{"start":{"line":15,"column":2},"end":{"line":32,"column":3}}]},"2":{"type":"branch","line":16,"loc":{"start":{"line":16,"column":16},"end":{"line":16,"column":53}},"locations":[{"start":{"line":16,"column":16},"end":{"line":16,"column":53}}]},"3":{"type":"branch","line":18,"loc":{"start":{"line":18,"column":14},"end":{"line":22,"column":5}},"locations":[{"start":{"line":18,"column":14},"end":{"line":22,"column":5}}]},"4":{"type":"branch","line":22,"loc":{"start":{"line":22,"column":4},"end":{"line":31,"column":56}},"locations":[{"start":{"line":22,"column":4},"end":{"line":31,"column":56}}]}},"b":{"0":[29],"1":[29],"2":[2],"3":[1],"4":[28]},"fnMap":{"0":{"name":"<instance_members_initializer>","decl":{"start":{"line":11,"column":7},"end":{"line":33,"column":1}},"loc":{"start":{"line":11,"column":7},"end":{"line":33,"column":1}},"line":11},"1":{"name":"Resend","decl":{"start":{"line":15,"column":2},"end":{"line":32,"column":3}},"loc":{"start":{"line":15,"column":2},"end":{"line":32,"column":3}},"line":15}},"f":{"0":29,"1":29}}
,"/Users/ajinkyashinde/Desktop/experiments/autosend-sdks/autosend-node/src/adapters/resend/transforms.ts": {"path":"/Users/ajinkyashinde/Desktop/experiments/autosend-sdks/autosend-node/src/adapters/resend/transforms.ts","all":false,"statementMap":{"7":{"start":{"line":8,"column":0},"end":{"line":8,"column":64}},"8":{"start":{"line":9,"column":0},"end":{"line":9,"column":48}},"9":{"start":{"line":10,"column":0},"end":{"line":10,"column":14}},"10":{"start":{"line":11,"column":0},"end":{"line":11,"column":61}},"11":{"start":{"line":12,"column":0},"end":{"line":12,"column":3}},"12":{"start":{"line":13,"column":0},"end":{"line":13,"column":33}},"13":{"start":{"line":14,"column":0},"end":{"line":14,"column":1}},"15":{"start":{"line":16,"column":0},"end":{"line":16,"column":79}},"16":{"start":{"line":17,"column":0},"end":{"line":17,"column":59}},"17":{"start":{"line":18,"column":0},"end":{"line":18,"column":42}},"18":{"start":{"line":19,"column":0},"end":{"line":19,"column":1}},"20":{"start":{"line":21,"column":0},"end":{"line":21,"column":90}},"21":{"start":{"line":22,"column":0},"end":{"line":22,"column":51}},"23":{"start":{"line":24,"column":0},"end":{"line":24,"column":40}},"24":{"start":{"line":25,"column":0},"end":{"line":25,"column":48}},"25":{"start":{"line":26,"column":0},"end":{"line":26,"column":37}},"26":{"start":{"line":27,"column":0},"end":{"line":27,"column":35}},"27":{"start":{"line":28,"column":0},"end":{"line":28,"column":4}},"29":{"start":{"line":30,"column":0},"end":{"line":30,"column":27}},"30":{"start":{"line":31,"column":0},"end":{"line":31,"column":38}},"31":{"start":{"line":32,"column":0},"end":{"line":32,"column":3}},"33":{"start":{"line":34,"column":0},"end":{"line":34,"column":27}},"34":{"start":{"line":35,"column":0},"end":{"line":35,"column":38}},"35":{"start":{"line":36,"column":0},"end":{"line":36,"column":3}},"37":{"start":{"line":38,"column":0},"end":{"line":38,"column":25}},"38":{"start":{"line":39,"column":0},"end":{"line":39,"column":55}},"39":{"start":{"line":40,"column":0},"end":{"line":40,"column":3}},"41":{"start":{"line":42,"column":0},"end":{"line":42,"column":26}},"42":{"start":{"line":43,"column":0},"end":{"line":43,"column":57}},"43":{"start":{"line":44,"column":0},"end":{"line":44,"column":3}},"45":{"start":{"line":46,"column":0},"end":{"line":46,"column":30}},"46":{"start":{"line":47,"column":0},"end":{"line":47,"column":64}},"47":{"start":{"line":48,"column":0},"end":{"line":48,"column":34}},"48":{"start":{"line":49,"column":0},"end":{"line":49,"column":3}},"50":{"start":{"line":51,"column":0},"end":{"line":51,"column":17}},"51":{"start":{"line":52,"column":0},"end":{"line":52,"column":1}},"53":{"start":{"line":54,"column":0},"end":{"line":54,"column":52}},"60":{"start":{"line":61,"column":0},"end":{"line":61,"column":3}},"61":{"start":{"line":62,"column":0},"end":{"line":62,"column":58}},"62":{"start":{"line":63,"column":0},"end":{"line":63,"column":12}},"63":{"start":{"line":64,"column":0},"end":{"line":64,"column":50}},"64":{"start":{"line":65,"column":0},"end":{"line":65,"column":18}},"65":{"start":{"line":66,"column":0},"end":{"line":66,"column":6}},"66":{"start":{"line":67,"column":0},"end":{"line":67,"column":3}},"68":{"start":{"line":69,"column":0},"end":{"line":69,"column":10}},"69":{"start":{"line":70,"column":0},"end":{"line":70,"column":15}},"70":{"start":{"line":71,"column":0},"end":{"line":71,"column":12}},"71":{"start":{"line":72,"column":0},"end":{"line":72,"column":57}},"72":{"start":{"line":73,"column":0},"end":{"line":73,"column":24}},"73":{"start":{"line":74,"column":0},"end":{"line":74,"column":6}},"74":{"start":{"line":75,"column":0},"end":{"line":75,"column":4}},"75":{"start":{"line":76,"column":0},"end":{"line":76,"column":1}},"77":{"start":{"line":78,"column":0},"end":{"line":78,"column":43}},"78":{"start":{"line":79,"column":0},"end":{"line":79,"column":17}},"79":{"start":{"line":80,"column":0},"end":{"line":80,"column":17}},"80":{"start":{"line":81,"column":0},"end":{"line":81,"column":18}},"81":{"start":{"line":82,"column":0},"end":{"line":82,"column":53}},"82":{"start":{"line":83,"column":0},"end":{"line":83,"column":28}},"83":{"start":{"line":84,"column":0},"end":{"line":84,"column":27}},"84":{"start":{"line":85,"column":0},"end":{"line":85,"column":27}},"85":{"start":{"line":86,"column":0},"end":{"line":86,"column":21}},"86":{"start":{"line":87,"column":0},"end":{"line":87,"column":28}},"87":{"start":{"line":88,"column":0},"end":{"line":88,"column":31}},"88":{"start":{"line":89,"column":0},"end":{"line":89,"column":33}},"89":{"start":{"line":90,"column":0},"end":{"line":90,"column":4}},"91":{"start":{"line":92,"column":0},"end":{"line":92,"column":10}},"92":{"start":{"line":93,"column":0},"end":{"line":93,"column":50}},"93":{"start":{"line":94,"column":0},"end":{"line":94,"column":12}},"94":{"start":{"line":95,"column":0},"end":{"line":95,"column":23}},"95":{"start":{"line":96,"column":0},"end":{"line":96,"column":4}},"96":{"start":{"line":97,"column":0},"end":{"line":97,"column":1}}},"s":{"7":1,"8":58,"9":58,"10":8,"11":8,"12":50,"13":50,"15":1,"16":29,"17":29,"18":29,"20":1,"21":20,"23":20,"24":20,"25":20,"26":20,"27":20,"29":20,"30":2,"31":2,"33":20,"34":1,"35":1,"37":20,"38":2,"39":2,"41":20,"42":2,"43":2,"45":20,"46":2,"47":2,"48":2,"50":20,"51":20,"53":1,"60":3,"61":3,"62":1,"63":1,"64":1,"65":1,"66":1,"68":2,"69":2,"70":2,"71":3,"72":3,"73":3,"74":3,"75":3,"77":1,"78":19,"79":19,"80":19,"81":19,"82":19,"83":19,"84":19,"85":19,"86":19,"87":19,"88":19,"89":19,"91":19,"92":19,"93":19,"94":19,"95":19,"96":19},"branchMap":{"0":{"type":"branch","line":8,"loc":{"start":{"line":8,"column":7},"end":{"line":14,"column":1}},"locations":[{"start":{"line":8,"column":7},"end":{"line":14,"column":1}}]},"1":{"type":"branch","line":10,"loc":{"start":{"line":10,"column":13},"end":{"line":12,"column":3}},"locations":[{"start":{"line":10,"column":13},"end":{"line":12,"column":3}}]},"2":{"type":"branch","line":12,"loc":{"start":{"line":12,"column":2},"end":{"line":14,"column":1}},"locations":[{"start":{"line":12,"column":2},"end":{"line":14,"column":1}}]},"3":{"type":"branch","line":16,"loc":{"start":{"line":16,"column":7},"end":{"line":19,"column":1}},"locations":[{"start":{"line":16,"column":7},"end":{"line":19,"column":1}}]},"4":{"type":"branch","line":17,"loc":{"start":{"line":17,"column":39},"end":{"line":17,"column":51}},"locations":[{"start":{"line":17,"column":39},"end":{"line":17,"column":51}}]},"5":{"type":"branch","line":17,"loc":{"start":{"line":17,"column":43},"end":{"line":17,"column":59}},"locations":[{"start":{"line":17,"column":43},"end":{"line":17,"column":59}}]},"6":{"type":"branch","line":21,"loc":{"start":{"line":21,"column":7},"end":{"line":52,"column":1}},"locations":[{"start":{"line":21,"column":7},"end":{"line":52,"column":1}}]},"7":{"type":"branch","line":26,"loc":{"start":{"line":26,"column":22},"end":{"line":26,"column":34}},"locations":[{"start":{"line":26,"column":22},"end":{"line":26,"column":34}}]},"8":{"type":"branch","line":26,"loc":{"start":{"line":26,"column":30},"end":{"line":26,"column":37}},"locations":[{"start":{"line":26,"column":30},"end":{"line":26,"column":37}}]},"9":{"type":"branch","line":30,"loc":{"start":{"line":30,"column":26},"end":{"line":32,"column":3}},"locations":[{"start":{"line":30,"column":26},"end":{"line":32,"column":3}}]},"10":{"type":"branch","line":34,"loc":{"start":{"line":34,"column":26},"end":{"line":36,"column":3}},"locations":[{"start":{"line":34,"column":26},"end":{"line":36,"column":3}}]},"11":{"type":"branch","line":38,"loc":{"start":{"line":38,"column":24},"end":{"line":40,"column":3}},"locations":[{"start":{"line":38,"column":24},"end":{"line":40,"column":3}}]},"12":{"type":"branch","line":42,"loc":{"start":{"line":42,"column":25},"end":{"line":44,"column":3}},"locations":[{"start":{"line":42,"column":25},"end":{"line":44,"column":3}}]},"13":{"type":"branch","line":46,"loc":{"start":{"line":46,"column":29},"end":{"line":49,"column":3}},"locations":[{"start":{"line":46,"column":29},"end":{"line":49,"column":3}}]},"14":{"type":"branch","line":54,"loc":{"start":{"line":54,"column":7},"end":{"line":76,"column":1}},"locations":[{"start":{"line":54,"column":7},"end":{"line":76,"column":1}}]},"15":{"type":"branch","line":62,"loc":{"start":{"line":62,"column":23},"end":{"line":62,"column":57}},"locations":[{"start":{"line":62,"column":23},"end":{"line":62,"column":57}}]},"16":{"type":"branch","line":62,"loc":{"start":{"line":62,"column":57},"end":{"line":67,"column":3}},"locations":[{"start":{"line":62,"column":57},"end":{"line":67,"column":3}}]},"17":{"type":"branch","line":67,"loc":{"start":{"line":67,"column":2},"end":{"line":72,"column":41}},"locations":[{"start":{"line":67,"column":2},"end":{"line":72,"column":41}}]},"18":{"type":"branch","line":72,"loc":{"start":{"line":72,"column":32},"end":{"line":72,"column":57}},"locations":[{"start":{"line":72,"column":32},"end":{"line":72,"column":57}}]},"19":{"type":"branch","line":78,"loc":{"start":{"line":78,"column":7},"end":{"line":97,"column":1}},"locations":[{"start":{"line":78,"column":7},"end":{"line":97,"column":1}}]},"20":{"type":"branch","line":93,"loc":{"start":{"line":93,"column":25},"end":{"line":93,"column":50}},"locations":[{"start":{"line":93,"column":25},"end":{"line":93,"column":50}}]}},"b":{"0":[58],"1":[8],"2":[50],"3":[29],"4":[7],"5":[22],"6":[20],"7":[18],"8":[2],"9":[2],"10":[1],"11":[2],"12":[2],"13":[2],"14":[3],"15":[1],"16":[1],"17":[2],"18":[1],"19":[19],"20":[1]},"fnMap":{"0":{"name":"parseEmailAddress","decl":{"start":{"line":8,"column":7},"end":{"line":14,"column":1}},"loc":{"start":{"line":8,"column":7},"end":{"line":14,"column":1}},"line":8},"1":{"name":"parseEmailAddresses","decl":{"start":{"line":16,"column":7},"end":{"line":19,"column":1}},"loc":{"start":{"line":16,"column":7},"end":{"line":19,"column":1}},"line":16},"2":{"name":"toAutosendRequest","decl":{"start":{"line":21,"column":7},"end":{"line":52,"column":1}},"loc":{"start":{"line":21,"column":7},"end":{"line":52,"column":1}},"line":21},"3":{"name":"toResendResponse","decl":{"start":{"line":54,"column":7},"end":{"line":76,"column":1}},"loc":{"start":{"line":54,"column":7},"end":{"line":76,"column":1}},"line":54},"4":{"name":"mapHttpStatusToResendError","decl":{"start":{"line":78,"column":7},"end":{"line":97,"column":1}},"loc":{"start":{"line":78,"column":7},"end":{"line":97,"column":1}},"line":78}},"f":{"0":58,"1":29,"2":20,"3":3,"4":19}}
,"/Users/ajinkyashinde/Desktop/experiments/autosend-sdks/autosend-node/src/core/client.ts": {"path":"/Users/ajinkyashinde/Desktop/experiments/autosend-sdks/autosend-node/src/core/client.ts","all":false,"statementMap":{"0":{"start":{"line":1,"column":0},"end":{"line":1,"column":47}},"12":{"start":{"line":13,"column":0},"end":{"line":13,"column":23}},"13":{"start":{"line":14,"column":0},"end":{"line":14,"column":33}},"14":{"start":{"line":15,"column":0},"end":{"line":15,"column":37}},"16":{"start":{"line":17,"column":0},"end":{"line":17,"column":62}},"17":{"start":{"line":18,"column":0},"end":{"line":18,"column":36}},"18":{"start":{"line":19,"column":0},"end":{"line":19,"column":13}},"19":{"start":{"line":20,"column":0},"end":{"line":20,"column":17}},"20":{"start":{"line":21,"column":0},"end":{"line":21,"column":6}},"22":{"start":{"line":23,"column":0},"end":{"line":23,"column":40}},"24":{"start":{"line":25,"column":0},"end":{"line":25,"column":35}},"25":{"start":{"line":26,"column":0},"end":{"line":26,"column":39}},"26":{"start":{"line":27,"column":0},"end":{"line":27,"column":3}},"27":{"start":{"line":28,"column":0},"end":{"line":28,"column":1}}},"s":{"0":1,"12":1,"13":42,"14":42,"16":42,"17":42,"18":42,"19":42,"20":42,"22":42,"24":42,"25":42,"26":42,"27":42},"branchMap":{"0":{"type":"branch","line":13,"loc":{"start":{"line":13,"column":7},"end":{"line":28,"column":1}},"locations":[{"start":{"line":13,"column":7},"end":{"line":28,"column":1}}]},"1":{"type":"branch","line":17,"loc":{"start":{"line":17,"column":2},"end":{"line":27,"column":3}},"locations":[{"start":{"line":17,"column":2},"end":{"line":27,"column":3}}]}},"b":{"0":[42],"1":[42]},"fnMap":{"0":{"name":"<instance_members_initializer>","decl":{"start":{"line":13,"column":7},"end":{"line":28,"column":1}},"loc":{"start":{"line":13,"column":7},"end":{"line":28,"column":1}},"line":13},"1":{"name":"Autosend","decl":{"start":{"line":17,"column":2},"end":{"line":27,"column":3}},"loc":{"start":{"line":17,"column":2},"end":{"line":27,"column":3}},"line":17}},"f":{"0":42,"1":42}}
,"/Users/ajinkyashinde/Desktop/experiments/autosend-sdks/autosend-node/src/core/contacts.ts": {"path":"/Users/ajinkyashinde/Desktop/experiments/autosend-sdks/autosend-node/src/core/contacts.ts","all":false,"statementMap":{"9":{"start":{"line":10,"column":0},"end":{"line":10,"column":23}},"10":{"start":{"line":11,"column":0},"end":{"line":11,"column":51}},"12":{"start":{"line":13,"column":0},"end":{"line":13,"column":79}},"13":{"start":{"line":14,"column":0},"end":{"line":14,"column":73}},"15":{"start":{"line":16,"column":0},"end":{"line":16,"column":44}},"16":{"start":{"line":17,"column":0},"end":{"line":17,"column":14}},"17":{"start":{"line":18,"column":0},"end":{"line":18,"column":22}},"18":{"start":{"line":19,"column":0},"end":{"line":19,"column":28}},"19":{"start":{"line":20,"column":0},"end":{"line":20,"column":8}},"20":{"start":{"line":21,"column":0},"end":{"line":21,"column":5}},"22":{"start":{"line":23,"column":0},"end":{"line":23,"column":12}},"23":{"start":{"line":24,"column":0},"end":{"line":24,"column":21}},"24":{"start":{"line":25,"column":0},"end":{"line":25,"column":28}},"25":{"start":{"line":26,"column":0},"end":{"line":26,"column":6}},"26":{"start":{"line":27,"column":0},"end":{"line":27,"column":3}},"28":{"start":{"line":29,"column":0},"end":{"line":29,"column":54}},"29":{"start":{"line":30,"column":0},"end":{"line":30,"column":69}},"31":{"start":{"line":32,"column":0},"end":{"line":32,"column":44}},"32":{"start":{"line":33,"column":0},"end":{"line":33,"column":14}},"33":{"start":{"line":34,"column":0},"end":{"line":34,"column":22}},"34":{"start":{"line":35,"column":0},"end":{"line":35,"column":28}},"35":{"start":{"line":36,"column":0},"end":{"line":36,"column":8}},"36":{"start":{"line":37,"column":0},"end":{"line":37,"column":5}},"38":{"start":{"line":39,"column":0},"end":{"line":39,"column":12}},"39":{"start":{"line":40,"column":0},"end":{"line":40,"column":21}},"40":{"start":{"line":41,"column":0},"end":{"line":41,"column":28}},"41":{"start":{"line":42,"column":0},"end":{"line":42,"column":6}},"42":{"start":{"line":43,"column":0},"end":{"line":43,"column":3}},"44":{"start":{"line":45,"column":0},"end":{"line":45,"column":60}},"45":{"start":{"line":46,"column":0},"end":{"line":46,"column":63}},"47":{"start":{"line":48,"column":0},"end":{"line":48,"column":27}},"48":{"start":{"line":49,"column":0},"end":{"line":49,"column":31}},"49":{"start":{"line":50,"column":0},"end":{"line":50,"column":5}},"51":{"start":{"line":52,"column":0},"end":{"line":52,"column":12}},"52":{"start":{"line":53,"column":0},"end":{"line":53,"column":21}},"53":{"start":{"line":54,"column":0},"end":{"line":54,"column":28}},"54":{"start":{"line":55,"column":0},"end":{"line":55,"column":6}},"55":{"start":{"line":56,"column":0},"end":{"line":56,"column":3}},"57":{"start":{"line":58,"column":0},"end":{"line":58,"column":79}},"58":{"start":{"line":59,"column":0},"end":{"line":59,"column":79}},"60":{"start":{"line":61,"column":0},"end":{"line":61,"column":44}},"61":{"start":{"line":62,"column":0},"end":{"line":62,"column":14}},"62":{"start":{"line":63,"column":0},"end":{"line":63,"column":22}},"63":{"start":{"line":64,"column":0},"end":{"line":64,"column":28}},"64":{"start":{"line":65,"column":0},"end":{"line":65,"column":8}},"65":{"start":{"line":66,"column":0},"end":{"line":66,"column":5}},"67":{"start":{"line":68,"column":0},"end":{"line":68,"column":12}},"68":{"start":{"line":69,"column":0},"end":{"line":69,"column":21}},"69":{"start":{"line":70,"column":0},"end":{"line":70,"column":28}},"70":{"start":{"line":71,"column":0},"end":{"line":71,"column":6}},"71":{"start":{"line":72,"column":0},"end":{"line":72,"column":3}},"72":{"start":{"line":73,"column":0},"end":{"line":73,"column":1}}},"s":{"9":1,"10":1,"12":1,"13":5,"15":5,"16":2,"17":2,"18":2,"19":2,"20":2,"22":3,"23":3,"24":3,"25":3,"26":5,"28":1,"29":5,"31":5,"32":2,"33":2,"34":2,"35":2,"36":2,"38":3,"39":3,"40":3,"41":3,"42":5,"44":1,"45":5,"47":5,"48":2,"49":2,"51":3,"52":3,"53":3,"54":3,"55":5,"57":1,"58":5,"60":5,"61":2,"62":2,"63":2,"64":2,"65":2,"67":3,"68":3,"69":3,"70":3,"71":5,"72":1},"branchMap":{"0":{"type":"branch","line":11,"loc":{"start":{"line":11,"column":2},"end":{"line":11,"column":51}},"locations":[{"start":{"line":11,"column":2},"end":{"line":11,"column":51}}]},"1":{"type":"branch","line":13,"loc":{"start":{"line":13,"column":2},"end":{"line":27,"column":3}},"locations":[{"start":{"line":13,"column":2},"end":{"line":27,"column":3}}]},"2":{"type":"branch","line":16,"loc":{"start":{"line":16,"column":17},"end":{"line":16,"column":43}},"locations":[{"start":{"line":16,"column":17},"end":{"line":16,"column":43}}]},"3":{"type":"branch","line":16,"loc":{"start":{"line":16,"column":43},"end":{"line":26,"column":6}},"locations":[{"start":{"line":16,"column":43},"end":{"line":26,"column":6}}]},"4":{"type":"branch","line":16,"loc":{"start":{"line":16,"column":43},"end":{"line":21,"column":5}},"locations":[{"start":{"line":16,"column":43},"end":{"line":21,"column":5}}]},"5":{"type":"branch","line":21,"loc":{"start":{"line":21,"column":4},"end":{"line":26,"column":6}},"locations":[{"start":{"line":21,"column":4},"end":{"line":26,"column":6}}]},"6":{"type":"branch","line":29,"loc":{"start":{"line":29,"column":2},"end":{"line":43,"column":3}},"locations":[{"start":{"line":29,"column":2},"end":{"line":43,"column":3}}]},"7":{"type":"branch","line":32,"loc":{"start":{"line":32,"column":17},"end":{"line":32,"column":43}},"locations":[{"start":{"line":32,"column":17},"end":{"line":32,"column":43}}]},"8":{"type":"branch","line":32,"loc":{"start":{"line":32,"column":43},"end":{"line":42,"column":6}},"locations":[{"start":{"line":32,"column":43},"end":{"line":42,"column":6}}]},"9":{"type":"branch","line":32,"loc":{"start":{"line":32,"column":43},"end":{"line":37,"column":5}},"locations":[{"start":{"line":32,"column":43},"end":{"line":37,"column":5}}]},"10":{"type":"branch","line":37,"loc":{"start":{"line":37,"column":4},"end":{"line":42,"column":6}},"locations":[{"start":{"line":37,"column":4},"end":{"line":42,"column":6}}]},"11":{"type":"branch","line":45,"loc":{"start":{"line":45,"column":2},"end":{"line":56,"column":3}},"locations":[{"start":{"line":45,"column":2},"end":{"line":56,"column":3}}]},"12":{"type":"branch","line":48,"loc":{"start":{"line":48,"column":26},"end":{"line":55,"column":6}},"locations":[{"start":{"line":48,"column":26},"end":{"line":55,"column":6}}]},"13":{"type":"branch","line":48,"loc":{"start":{"line":48,"column":26},"end":{"line":50,"column":5}},"locations":[{"start":{"line":48,"column":26},"end":{"line":50,"column":5}}]},"14":{"type":"branch","line":50,"loc":{"start":{"line":50,"column":4},"end":{"line":55,"column":6}},"locations":[{"start":{"line":50,"column":4},"end":{"line":55,"column":6}}]},"15":{"type":"branch","line":58,"loc":{"start":{"line":58,"column":2},"end":{"line":72,"column":3}},"locations":[{"start":{"line":58,"column":2},"end":{"line":72,"column":3}}]},"16":{"type":"branch","line":61,"loc":{"start":{"line":61,"column":17},"end":{"line":61,"column":43}},"locations":[{"start":{"line":61,"column":17},"end":{"line":61,"column":43}}]},"17":{"type":"branch","line":61,"loc":{"start":{"line":61,"column":43},"end":{"line":71,"column":6}},"locations":[{"start":{"line":61,"column":43},"end":{"line":71,"column":6}}]},"18":{"type":"branch","line":61,"loc":{"start":{"line":61,"column":43},"end":{"line":66,"column":5}},"locations":[{"start":{"line":61,"column":43},"end":{"line":66,"column":5}}]},"19":{"type":"branch","line":66,"loc":{"start":{"line":66,"column":4},"end":{"line":71,"column":6}},"locations":[{"start":{"line":66,"column":4},"end":{"line":71,"column":6}}]}},"b":{"0":[42],"1":[5],"2":[2],"3":[4],"4":[2],"5":[3],"6":[5],"7":[2],"8":[4],"9":[2],"10":[3],"11":[5],"12":[4],"13":[2],"14":[3],"15":[5],"16":[2],"17":[4],"18":[2],"19":[3]},"fnMap":{"0":{"name":"Contacts","decl":{"start":{"line":11,"column":2},"end":{"line":11,"column":51}},"loc":{"start":{"line":11,"column":2},"end":{"line":11,"column":51}},"line":11},"1":{"name":"create","decl":{"start":{"line":13,"column":2},"end":{"line":27,"column":3}},"loc":{"start":{"line":13,"column":2},"end":{"line":27,"column":3}},"line":13},"2":{"name":"get","decl":{"start":{"line":29,"column":2},"end":{"line":43,"column":3}},"loc":{"start":{"line":29,"column":2},"end":{"line":43,"column":3}},"line":29},"3":{"name":"delete","decl":{"start":{"line":45,"column":2},"end":{"line":56,"column":3}},"loc":{"start":{"line":45,"column":2},"end":{"line":56,"column":3}},"line":45},"4":{"name":"upsert","decl":{"start":{"line":58,"column":2},"end":{"line":72,"column":3}},"loc":{"start":{"line":58,"column":2},"end":{"line":72,"column":3}},"line":58}},"f":{"0":42,"1":5,"2":5,"3":5,"4":5}}
,"/Users/ajinkyashinde/Desktop/experiments/autosend-sdks/autosend-node/src/core/emails.ts": {"path":"/Users/ajinkyashinde/Desktop/experiments/autosend-sdks/autosend-node/src/core/emails.ts","all":false,"statementMap":{"16":{"start":{"line":17,"column":0},"end":{"line":17,"column":21}},"17":{"start":{"line":18,"column":0},"end":{"line":18,"column":51}},"19":{"start":{"line":20,"column":0},"end":{"line":20,"column":69}},"20":{"start":{"line":21,"column":0},"end":{"line":21,"column":83}},"22":{"start":{"line":23,"column":0},"end":{"line":23,"column":44}},"23":{"start":{"line":24,"column":0},"end":{"line":24,"column":14}},"24":{"start":{"line":25,"column":0},"end":{"line":25,"column":22}},"25":{"start":{"line":26,"column":0},"end":{"line":26,"column":15}},"26":{"start":{"line":27,"column":0},"end":{"line":27,"column":41}},"27":{"start":{"line":28,"column":0},"end":{"line":28,"column":10}},"28":{"start":{"line":29,"column":0},"end":{"line":29,"column":8}},"29":{"start":{"line":30,"column":0},"end":{"line":30,"column":5}},"31":{"start":{"line":32,"column":0},"end":{"line":32,"column":12}},"32":{"start":{"line":33,"column":0},"end":{"line":33,"column":21}},"33":{"start":{"line":34,"column":0},"end":{"line":34,"column":28}},"34":{"start":{"line":35,"column":0},"end":{"line":35,"column":6}},"35":{"start":{"line":36,"column":0},"end":{"line":36,"column":3}},"37":{"start":{"line":38,"column":0},"end":{"line":38,"column":77}},"38":{"start":{"line":39,"column":0},"end":{"line":39,"column":87}},"40":{"start":{"line":41,"column":0},"end":{"line":41,"column":44}},"41":{"start":{"line":42,"column":0},"end":{"line":42,"column":14}},"42":{"start":{"line":43,"column":0},"end":{"line":43,"column":22}},"43":{"start":{"line":44,"column":0},"end":{"line":44,"column":15}},"44":{"start":{"line":45,"column":0},"end":{"line":45,"column":43}},"45":{"start":{"line":46,"column":0},"end":{"line":46,"column":10}},"46":{"start":{"line":47,"column":0},"end":{"line":47,"column":8}},"47":{"start":{"line":48,"column":0},"end":{"line":48,"column":5}},"49":{"start":{"line":50,"column":0},"end":{"line":50,"column":12}},"50":{"start":{"line":51,"column":0},"end":{"line":51,"column":21}},"51":{"start":{"line":52,"column":0},"end":{"line":52,"column":28}},"52":{"start":{"line":53,"column":0},"end":{"line":53,"column":6}},"53":{"start":{"line":54,"column":0},"end":{"line":54,"column":3}},"54":{"start":{"line":55,"column":0},"end":{"line":55,"column":1}}},"s":{"16":1,"17":1,"19":1,"20":14,"22":14,"23":10,"24":10,"25":10,"26":10,"27":10,"28":10,"29":10,"31":4,"32":4,"33":4,"34":4,"35":14,"37":1,"38":2,"40":2,"41":1,"42":1,"43":1,"44":1,"45":1,"46":1,"47":1,"49":1,"50":1,"51":1,"52":1,"53":2,"54":1},"branchMap":{"0":{"type":"branch","line":18,"loc":{"start":{"line":18,"column":2},"end":{"line":18,"column":51}},"locations":[{"start":{"line":18,"column":2},"end":{"line":18,"column":51}}]},"1":{"type":"branch","line":20,"loc":{"start":{"line":20,"column":2},"end":{"line":36,"column":3}},"locations":[{"start":{"line":20,"column":2},"end":{"line":36,"column":3}}]},"2":{"type":"branch","line":23,"loc":{"start":{"line":23,"column":17},"end":{"line":23,"column":43}},"locations":[{"start":{"line":23,"column":17},"end":{"line":23,"column":43}}]},"3":{"type":"branch","line":23,"loc":{"start":{"line":23,"column":43},"end":{"line":35,"column":6}},"locations":[{"start":{"line":23,"column":43},"end":{"line":35,"column":6}}]},"4":{"type":"branch","line":23,"loc":{"start":{"line":23,"column":43},"end":{"line":30,"column":5}},"locations":[{"start":{"line":23,"column":43},"end":{"line":30,"column":5}}]},"5":{"type":"branch","line":30,"loc":{"start":{"line":30,"column":4},"end":{"line":35,"column":6}},"locations":[{"start":{"line":30,"column":4},"end":{"line":35,"column":6}}]},"6":{"type":"branch","line":38,"loc":{"start":{"line":38,"column":2},"end":{"line":54,"column":3}},"locations":[{"start":{"line":38,"column":2},"end":{"line":54,"column":3}}]},"7":{"type":"branch","line":41,"loc":{"start":{"line":41,"column":17},"end":{"line":41,"column":43}},"locations":[{"start":{"line":41,"column":17},"end":{"line":41,"column":43}}]},"8":{"type":"branch","line":41,"loc":{"start":{"line":41,"column":43},"end":{"line":53,"column":6}},"locations":[{"start":{"line":41,"column":43},"end":{"line":53,"column":6}}]}},"b":{"0":[42],"1":[14],"2":[10],"3":[13],"4":[10],"5":[4],"6":[2],"7":[1],"8":[1]},"fnMap":{"0":{"name":"Emails","decl":{"start":{"line":18,"column":2},"end":{"line":18,"column":51}},"loc":{"start":{"line":18,"column":2},"end":{"line":18,"column":51}},"line":18},"1":{"name":"send","decl":{"start":{"line":20,"column":2},"end":{"line":36,"column":3}},"loc":{"start":{"line":20,"column":2},"end":{"line":36,"column":3}},"line":20},"2":{"name":"bulk","decl":{"start":{"line":38,"column":2},"end":{"line":54,"column":3}},"loc":{"start":{"line":38,"column":2},"end":{"line":54,"column":3}},"line":38}},"f":{"0":42,"1":14,"2":2}}
,"/Users/ajinkyashinde/Desktop/experiments/autosend-sdks/autosend-node/src/core/index.ts": {"path":"/Users/ajinkyashinde/Desktop/experiments/autosend-sdks/autosend-node/src/core/index.ts","all":true,"statementMap":{"0":{"start":{"line":1,"column":0},"end":{"line":1,"column":61}}},"s":{"0":0},"branchMap":{"0":{"type":"branch","line":1,"loc":{"start":{"line":1,"column":169},"end":{"line":4,"column":27}},"locations":[{"start":{"line":1,"column":169},"end":{"line":4,"column":27}}]}},"b":{"0":[0]},"fnMap":{"0":{"name":"(empty-report)","decl":{"start":{"line":1,"column":169},"end":{"line":4,"column":27}},"loc":{"start":{"line":1,"column":169},"end":{"line":4,"column":27}},"line":1}},"f":{"0":0}}
,"/Users/ajinkyashinde/Desktop/experiments/autosend-sdks/autosend-node/src/http/client.ts": {"path":"/Users/ajinkyashinde/Desktop/experiments/autosend-sdks/autosend-node/src/http/client.ts","all":false,"statementMap":{"2":{"start":{"line":3,"column":0},"end":{"line":3,"column":52}},"3":{"start":{"line":4,"column":0},"end":{"line":4,"column":30}},"4":{"start":{"line":5,"column":0},"end":{"line":5,"column":30}},"6":{"start":{"line":7,"column":0},"end":{"line":7,"column":25}},"7":{"start":{"line":8,"column":0},"end":{"line":8,"column":34}},"8":{"start":{"line":9,"column":0},"end":{"line":9,"column":35}},"9":{"start":{"line":10,"column":0},"end":{"line":10,"column":35}},"10":{"start":{"line":11,"column":0},"end":{"line":11,"column":34}},"11":{"start":{"line":12,"column":0},"end":{"line":12,"column":38}},"13":{"start":{"line":14,"column":0},"end":{"line":14,"column":39}},"14":{"start":{"line":15,"column":0},"end":{"line":15,"column":32}},"15":{"start":{"line":16,"column":0},"end":{"line":16,"column":54}},"16":{"start":{"line":17,"column":0},"end":{"line":17,"column":53}},"17":{"start":{"line":18,"column":0},"end":{"line":18,"column":39}},"18":{"start":{"line":19,"column":0},"end":{"line":19,"column":63}},"19":{"start":{"line":20,"column":0},"end":{"line":20,"column":3}},"21":{"start":{"line":22,"column":0},"end":{"line":22,"column":54}},"22":{"start":{"line":23,"column":0},"end":{"line":23,"column":21}},"23":{"start":{"line":24,"column":0},"end":{"line":24,"column":55}},"24":{"start":{"line":25,"column":0},"end":{"line":25,"column":5}},"25":{"start":{"line":26,"column":0},"end":{"line":26,"column":3}},"27":{"start":{"line":28,"column":0},"end":{"line":28,"column":50}},"28":{"start":{"line":29,"column":0},"end":{"line":29,"column":61}},"29":{"start":{"line":30,"column":0},"end":{"line":30,"column":3}},"31":{"start":{"line":32,"column":0},"end":{"line":32,"column":53}},"32":{"start":{"line":33,"column":0},"end":{"line":33,"column":43}},"33":{"start":{"line":34,"column":0},"end":{"line":34,"column":3}},"35":{"start":{"line":36,"column":0},"end":{"line":36,"column":19}},"36":{"start":{"line":37,"column":0},"end":{"line":37,"column":38}},"37":{"start":{"line":38,"column":0},"end":{"line":38,"column":17}},"38":{"start":{"line":39,"column":0},"end":{"line":39,"column":18}},"39":{"start":{"line":40,"column":0},"end":{"line":40,"column":83}},"40":{"start":{"line":41,"column":0},"end":{"line":41,"column":41}},"42":{"start":{"line":43,"column":0},"end":{"line":43,"column":70}},"44":{"start":{"line":45,"column":0},"end":{"line":45,"column":39}},"45":{"start":{"line":46,"column":0},"end":{"line":46,"column":27}},"47":{"start":{"line":48,"column":0},"end":{"line":48,"column":66}},"48":{"start":{"line":49,"column":0},"end":{"line":49,"column":11}},"49":{"start":{"line":50,"column":0},"end":{"line":50,"column":49}},"50":{"start":{"line":51,"column":0},"end":{"line":51,"column":77}},"52":{"start":{"line":53,"column":0},"end":{"line":53,"column":43}},"53":{"start":{"line":54,"column":0},"end":{"line":54,"column":17}},"54":{"start":{"line":55,"column":0},"end":{"line":55,"column":20}},"55":{"start":{"line":56,"column":0},"end":{"line":56,"column":51}},"56":{"start":{"line":57,"column":0},"end":{"line":57,"column":47}},"57":{"start":{"line":58,"column":0},"end":{"line":58,"column":12}},"58":{"start":{"line":59,"column":0},"end":{"line":59,"column":56}},"59":{"start":{"line":60,"column":0},"end":{"line":60,"column":36}},"60":{"start":{"line":61,"column":0},"end":{"line":61,"column":11}},"62":{"start":{"line":63,"column":0},"end":{"line":63,"column":32}},"64":{"start":{"line":65,"column":0},"end":{"line":65,"column":41}},"66":{"start":{"line":67,"column":0},"end":{"line":67,"column":27}},"67":{"start":{"line":68,"column":0},"end":{"line":68,"column":50}},"68":{"start":{"line":69,"column":0},"end":{"line":69,"column":35}},"70":{"start":{"line":71,"column":0},"end":{"line":71,"column":15}},"71":{"start":{"line":72,"column":0},"end":{"line":72,"column":52}},"72":{"start":{"line":73,"column":0},"end":{"line":73,"column":77}},"73":{"start":{"line":74,"column":0},"end":{"line":74,"column":19}},"74":{"start":{"line":75,"column":0},"end":{"line":75,"column":66}},"75":{"start":{"line":76,"column":0},"end":{"line":76,"column":11}},"77":{"start":{"line":78,"column":0},"end":{"line":78,"column":84}},"78":{"start":{"line":79,"column":0},"end":{"line":79,"column":58}},"79":{"start":{"line":80,"column":0},"end":{"line":80,"column":88}},"80":{"start":{"line":81,"column":0},"end":{"line":81,"column":36}},"81":{"start":{"line":82,"column":0},"end":{"line":82,"column":21}},"82":{"start":{"line":83,"column":0},"end":{"line":83,"column":11}},"84":{"start":{"line":85,"column":0},"end":{"line":85,"column":18}},"85":{"start":{"line":86,"column":0},"end":{"line":86,"column":27}},"86":{"start":{"line":87,"column":0},"end":{"line":87,"column":32}},"87":{"start":{"line":88,"column":0},"end":{"line":88,"column":40}},"88":{"start":{"line":89,"column":0},"end":{"line":89,"column":12}},"89":{"start":{"line":90,"column":0},"end":{"line":90,"column":9}},"91":{"start":{"line":92,"column":0},"end":{"line":92,"column":50}},"92":{"start":{"line":93,"column":0},"end":{"line":93,"column":59}},"94":{"start":{"line":95,"column":0},"end":{"line":95,"column":39}},"95":{"start":{"line":96,"column":0},"end":{"line":96,"column":21}},"96":{"start":{"line":97,"column":0},"end":{"line":97,"column":33}},"98":{"start":{"line":99,"column":0},"end":{"line":99,"column":46}},"99":{"start":{"line":100,"column":0},"end":{"line":100,"column":18}},"100":{"start":{"line":101,"column":0},"end":{"line":101,"column":27}},"101":{"start":{"line":102,"column":0},"end":{"line":102,"column":37}},"102":{"start":{"line":103,"column":0},"end":{"line":103,"column":26}},"103":{"start":{"line":104,"column":0},"end":{"line":104,"column":12}},"104":{"start":{"line":105,"column":0},"end":{"line":105,"column":9}},"106":{"start":{"line":107,"column":0},"end":{"line":107,"column":40}},"107":{"start":{"line":108,"column":0},"end":{"line":108,"column":56}},"108":{"start":{"line":109,"column":0},"end":{"line":109,"column":63}},"109":{"start":{"line":110,"column":0},"end":{"line":110,"column":34}},"110":{"start":{"line":111,"column":0},"end":{"line":111,"column":19}},"111":{"start":{"line":112,"column":0},"end":{"line":112,"column":9}},"112":{"start":{"line":113,"column":0},"end":{"line":113,"column":7}},"113":{"start":{"line":114,"column":0},"end":{"line":114,"column":5}},"115":{"start":{"line":116,"column":0},"end":{"line":116,"column":12}},"116":{"start":{"line":117,"column":0},"end":{"line":117,"column":21}},"117":{"start":{"line":118,"column":0},"end":{"line":118,"column":51}},"118":{"start":{"line":119,"column":0},"end":{"line":119,"column":33}},"119":{"start":{"line":120,"column":0},"end":{"line":120,"column":6}},"120":{"start":{"line":121,"column":0},"end":{"line":121,"column":3}},"122":{"start":{"line":123,"column":0},"end":{"line":123,"column":108}},"123":{"start":{"line":124,"column":0},"end":{"line":124,"column":40}},"124":{"start":{"line":125,"column":0},"end":{"line":125,"column":3}},"126":{"start":{"line":127,"column":0},"end":{"line":127,"column":16}},"127":{"start":{"line":128,"column":0},"end":{"line":128,"column":17}},"128":{"start":{"line":129,"column":0},"end":{"line":129,"column":17}},"129":{"start":{"line":130,"column":0},"end":{"line":130,"column":83}},"130":{"start":{"line":131,"column":0},"end":{"line":131,"column":47}},"131":{"start":{"line":132,"column":0},"end":{"line":132,"column":3}},"133":{"start":{"line":134,"column":0},"end":{"line":134,"column":111}},"134":{"start":{"line":135,"column":0},"end":{"line":135,"column":43}},"135":{"start":{"line":136,"column":0},"end":{"line":136,"column":3}},"136":{"start":{"line":137,"column":0},"end":{"line":137,"column":1}}},"s":{"2":1,"3":1,"4":1,"6":1,"7":55,"8":55,"9":55,"10":55,"11":55,"13":55,"14":55,"15":55,"16":55,"17":55,"18":55,"19":55,"21":55,"22":88,"23":2,"24":2,"25":88,"27":55,"28":14,"29":14,"31":55,"32":17,"33":17,"35":55,"36":48,"37":48,"38":48,"39":48,"40":48,"42":48,"44":48,"45":48,"47":48,"48":62,"49":62,"50":62,"52":62,"53":62,"54":62,"55":62,"56":62,"57":62,"58":62,"59":62,"60":62,"62":43,"64":43,"66":62,"67":17,"68":17,"70":17,"71":17,"72":17,"73":17,"74":14,"75":14,"77":17,"78":2,"79":2,"80":2,"81":2,"82":2,"84":15,"85":15,"86":15,"87":15,"88":15,"89":15,"91":26,"92":26,"94":26,"95":62,"96":19,"98":19,"99":0,"100":0,"101":0,"102":0,"103":0,"104":0,"106":19,"107":12,"108":12,"109":12,"110":12,"111":12,"112":19,"113":62,"115":21,"116":21,"117":48,"118":48,"119":48,"120":48,"122":55,"123":14,"124":14,"126":55,"127":28,"128":28,"129":28,"130":28,"131":28,"133":55,"134":6,"135":6,"136":55},"branchMap":{"0":{"type":"branch","line":7,"loc":{"start":{"line":7,"column":7},"end":{"line":137,"column":1}},"locations":[{"start":{"line":7,"column":7},"end":{"line":137,"column":1}}]},"1":{"type":"branch","line":14,"loc":{"start":{"line":14,"column":2},"end":{"line":20,"column":3}},"locations":[{"start":{"line":14,"column":2},"end":{"line":20,"column":3}}]},"2":{"type":"branch","line":16,"loc":{"start":{"line":16,"column":26},"end":{"line":16,"column":54}},"locations":[{"start":{"line":16,"column":26},"end":{"line":16,"column":54}}]},"3":{"type":"branch","line":17,"loc":{"start":{"line":17,"column":26},"end":{"line":17,"column":53}},"locations":[{"start":{"line":17,"column":26},"end":{"line":17,"column":53}}]},"4":{"type":"branch","line":18,"loc":{"start":{"line":18,"column":24},"end":{"line":18,"column":39}},"locations":[{"start":{"line":18,"column":24},"end":{"line":18,"column":39}}]},"5":{"type":"branch","line":19,"loc":{"start":{"line":19,"column":29},"end":{"line":19,"column":63}},"locations":[{"start":{"line":19,"column":29},"end":{"line":19,"column":63}}]},"6":{"type":"branch","line":22,"loc":{"start":{"line":22,"column":10},"end":{"line":26,"column":3}},"locations":[{"start":{"line":22,"column":10},"end":{"line":26,"column":3}}]},"7":{"type":"branch","line":23,"loc":{"start":{"line":23,"column":20},"end":{"line":25,"column":5}},"locations":[{"start":{"line":23,"column":20},"end":{"line":25,"column":5}}]},"8":{"type":"branch","line":24,"loc":{"start":{"line":24,"column":43},"end":{"line":24,"column":53}},"locations":[{"start":{"line":24,"column":43},"end":{"line":24,"column":53}}]},"9":{"type":"branch","line":28,"loc":{"start":{"line":28,"column":2},"end":{"line":30,"column":3}},"locations":[{"start":{"line":28,"column":2},"end":{"line":30,"column":3}}]},"10":{"type":"branch","line":29,"loc":{"start":{"line":29,"column":23},"end":{"line":29,"column":59}},"locations":[{"start":{"line":29,"column":23},"end":{"line":29,"column":59}}]},"11":{"type":"branch","line":32,"loc":{"start":{"line":32,"column":10},"end":{"line":34,"column":3}},"locations":[{"start":{"line":32,"column":10},"end":{"line":34,"column":3}}]},"12":{"type":"branch","line":33,"loc":{"start":{"line":33,"column":22},"end":{"line":33,"column":43}},"locations":[{"start":{"line":33,"column":22},"end":{"line":33,"column":43}}]},"13":{"type":"branch","line":36,"loc":{"start":{"line":36,"column":2},"end":{"line":121,"column":3}},"locations":[{"start":{"line":36,"column":2},"end":{"line":121,"column":3}}]},"14":{"type":"branch","line":43,"loc":{"start":{"line":43,"column":34},"end":{"line":43,"column":59}},"locations":[{"start":{"line":43,"column":34},"end":{"line":43,"column":59}}]},"15":{"type":"branch","line":43,"loc":{"start":{"line":43,"column":55},"end":{"line":43,"column":68}},"locations":[{"start":{"line":43,"column":55},"end":{"line":43,"column":68}}]},"16":{"type":"branch","line":48,"loc":{"start":{"line":48,"column":65},"end":{"line":114,"column":5}},"locations":[{"start":{"line":48,"column":65},"end":{"line":114,"column":5}}]},"17":{"type":"branch","line":59,"loc":{"start":{"line":59,"column":16},"end":{"line":59,"column":46}},"locations":[{"start":{"line":59,"column":16},"end":{"line":59,"column":46}}]},"18":{"type":"branch","line":59,"loc":{"start":{"line":59,"column":42},"end":{"line":59,"column":56}},"locations":[{"start":{"line":59,"column":42},"end":{"line":59,"column":56}}]},"19":{"type":"branch","line":61,"loc":{"start":{"line":61,"column":9},"end":{"line":67,"column":26}},"locations":[{"start":{"line":61,"column":9},"end":{"line":67,"column":26}}]},"20":{"type":"branch","line":67,"loc":{"start":{"line":67,"column":26},"end":{"line":90,"column":9}},"locations":[{"start":{"line":67,"column":26},"end":{"line":90,"column":9}}]},"21":{"type":"branch","line":73,"loc":{"start":{"line":73,"column":37},"end":{"line":73,"column":67}},"locations":[{"start":{"line":73,"column":37},"end":{"line":73,"column":67}}]},"22":{"type":"branch","line":73,"loc":{"start":{"line":73,"column":58},"end":{"line":73,"column":77}},"locations":[{"start":{"line":73,"column":58},"end":{"line":73,"column":77}}]},"23":{"type":"branch","line":74,"loc":{"start":{"line":74,"column":10},"end":{"line":76,"column":11}},"locations":[{"start":{"line":74,"column":10},"end":{"line":76,"column":11}}]},"24":{"type":"branch","line":75,"loc":{"start":{"line":75,"column":27},"end":{"line":75,"column":66}},"locations":[{"start":{"line":75,"column":27},"end":{"line":75,"column":66}}]},"25":{"type":"branch","line":78,"loc":{"start":{"line":78,"column":51},"end":{"line":78,"column":83}},"locations":[{"start":{"line":78,"column":51},"end":{"line":78,"column":83}}]},"26":{"type":"branch","line":78,"loc":{"start":{"line":78,"column":83},"end":{"line":83,"column":11}},"locations":[{"start":{"line":78,"column":83},"end":{"line":83,"column":11}}]},"27":{"type":"branch","line":83,"loc":{"start":{"line":83,"column":10},"end":{"line":90,"column":9}},"locations":[{"start":{"line":83,"column":10},"end":{"line":90,"column":9}}]},"28":{"type":"branch","line":90,"loc":{"start":{"line":90,"column":8},"end":{"line":96,"column":15}},"locations":[{"start":{"line":90,"column":8},"end":{"line":96,"column":15}}]},"29":{"type":"branch","line":96,"loc":{"start":{"line":96,"column":6},"end":{"line":113,"column":7}},"locations":[{"start":{"line":96,"column":6},"end":{"line":113,"column":7}}]},"30":{"type":"branch","line":99,"loc":{"start":{"line":99,"column":45},"end":{"line":105,"column":9}},"locations":[{"start":{"line":99,"column":45},"end":{"line":105,"column":9}}]},"31":{"type":"branch","line":107,"loc":{"start":{"line":107,"column":39},"end":{"line":112,"column":9}},"locations":[{"start":{"line":107,"column":39},"end":{"line":112,"column":9}}]},"32":{"type":"branch","line":114,"loc":{"start":{"line":114,"column":4},"end":{"line":118,"column":35}},"locations":[{"start":{"line":114,"column":4},"end":{"line":118,"column":35}}]},"33":{"type":"branch","line":114,"loc":{"start":{"line":114,"column":4},"end":{"line":118,"column":24}},"locations":[{"start":{"line":114,"column":4},"end":{"line":118,"column":24}}]},"34":{"type":"branch","line":118,"loc":{"start":{"line":118,"column":13},"end":{"line":118,"column":35}},"locations":[{"start":{"line":118,"column":13},"end":{"line":118,"column":35}}]},"35":{"type":"branch","line":118,"loc":{"start":{"line":118,"column":24},"end":{"line":118,"column":51}},"locations":[{"start":{"line":118,"column":24},"end":{"line":118,"column":51}}]},"36":{"type":"branch","line":123,"loc":{"start":{"line":123,"column":2},"end":{"line":125,"column":3}},"locations":[{"start":{"line":123,"column":2},"end":{"line":125,"column":3}}]},"37":{"type":"branch","line":127,"loc":{"start":{"line":127,"column":2},"end":{"line":132,"column":3}},"locations":[{"start":{"line":127,"column":2},"end":{"line":132,"column":3}}]},"38":{"type":"branch","line":134,"loc":{"start":{"line":134,"column":2},"end":{"line":136,"column":3}},"locations":[{"start":{"line":134,"column":2},"end":{"line":136,"column":3}}]}},"b":{"0":[55],"1":[55],"2":[52],"3":[51],"4":[52],"5":[42],"6":[88],"7":[2],"8":[1],"9":[14],"10":[14],"11":[17],"12":[16],"13":[48],"14":[28],"15":[20],"16":[62],"17":[36],"18":[26],"19":[43],"20":[17],"21":[0],"22":[0],"23":[14],"24":[1],"25":[3],"26":[2],"27":[15],"28":[26],"29":[19],"30":[0],"31":[12],"32":[36],"33":[21],"34":[7],"35":[1],"36":[14],"37":[28],"38":[6]},"fnMap":{"0":{"name":"<instance_members_initializer>","decl":{"start":{"line":7,"column":7},"end":{"line":137,"column":1}},"loc":{"start":{"line":7,"column":7},"end":{"line":137,"column":1}},"line":7},"1":{"name":"HttpClient","decl":{"start":{"line":14,"column":2},"end":{"line":20,"column":3}},"loc":{"start":{"line":14,"column":2},"end":{"line":20,"column":3}},"line":14},"2":{"name":"log","decl":{"start":{"line":22,"column":10},"end":{"line":26,"column":3}},"loc":{"start":{"line":22,"column":10},"end":{"line":26,"column":3}},"line":22},"3":{"name":"sleep","decl":{"start":{"line":28,"column":2},"end":{"line":30,"column":3}},"loc":{"start":{"line":28,"column":2},"end":{"line":30,"column":3}},"line":28},"4":{"name":"isRetryableError","decl":{"start":{"line":32,"column":10},"end":{"line":34,"column":3}},"loc":{"start":{"line":32,"column":10},"end":{"line":34,"column":3}},"line":32},"5":{"name":"request","decl":{"start":{"line":36,"column":2},"end":{"line":121,"column":3}},"loc":{"start":{"line":36,"column":2},"end":{"line":121,"column":3}},"line":36},"6":{"name":"get","decl":{"start":{"line":123,"column":2},"end":{"line":125,"column":3}},"loc":{"start":{"line":123,"column":2},"end":{"line":125,"column":3}},"line":123},"7":{"name":"post","decl":{"start":{"line":127,"column":2},"end":{"line":132,"column":3}},"loc":{"start":{"line":127,"column":2},"end":{"line":132,"column":3}},"line":127},"8":{"name":"delete","decl":{"start":{"line":134,"column":2},"end":{"line":136,"column":3}},"loc":{"start":{"line":134,"column":2},"end":{"line":136,"column":3}},"line":134}},"f":{"0":55,"1":55,"2":88,"3":14,"4":17,"5":48,"6":14,"7":28,"8":6}}
,"/Users/ajinkyashinde/Desktop/experiments/autosend-sdks/autosend-node/src/http/index.ts": {"path":"/Users/ajinkyashinde/Desktop/experiments/autosend-sdks/autosend-node/src/http/index.ts","all":true,"statementMap":{"0":{"start":{"line":1,"column":0},"end":{"line":1,"column":41}}},"s":{"0":0},"branchMap":{"0":{"type":"branch","line":1,"loc":{"start":{"line":1,"column":0},"end":{"line":1,"column":41}},"locations":[{"start":{"line":1,"column":0},"end":{"line":1,"column":41}}]}},"b":{"0":[0]},"fnMap":{"0":{"name":"(empty-report)","decl":{"start":{"line":1,"column":0},"end":{"line":1,"column":41}},"loc":{"start":{"line":1,"column":0},"end":{"line":1,"column":41}},"line":1}},"f":{"0":0}}
}
